<?xml version="1.0" encoding="UTF-8"?>
<!-- Generated by org.testng.reporters.JUnitReportReporter -->
<testsuite hostname="MacBook-Pro.local" name="TestRunner_Backbase" tests="1" failures="0" timestamp="9 Sep 2020 18:38:27 GMT" time="20.303" errors="0">
  <testcase name="feature" time="20.303" classname="TestRunner_Backbase"/>
</testsuite> <!-- TestRunner_Backbase -->
